This is pdfTeX, Version 3.141592653-2.6-1.40.22 (TeX Live 2022/dev/Debian) (preloaded format=pdflatex 2023.6.21)  11 SEP 2023 11:14
entering extended mode
 restricted \write18 enabled.
 %&-line parsing enabled.
**THLR.tex
(./THLR.tex
LaTeX2e <2021-11-15> patch level 1
L3 programming layer <2022-01-21>
(/usr/share/texlive/texmf-dist/tex/latex/base/article.cls
Document Class: article 2021/10/04 v1.4n Standard LaTeX document class
(/usr/share/texlive/texmf-dist/tex/latex/base/size10.clo
File: size10.clo 2021/10/04 v1.4n Standard LaTeX file (size option)
)
\c@part=\count185
\c@section=\count186
\c@subsection=\count187
\c@subsubsection=\count188
\c@paragraph=\count189
\c@subparagraph=\count190
\c@figure=\count191
\c@table=\count192
\abovecaptionskip=\skip47
\belowcaptionskip=\skip48
\bibindent=\dimen138
)
(/usr/share/texlive/texmf-dist/tex/latex/graphics/graphicx.sty
Package: graphicx 2021/09/16 v1.2d Enhanced LaTeX Graphics (DPC,SPQR)

(/usr/share/texlive/texmf-dist/tex/latex/graphics/keyval.sty
Package: keyval 2014/10/28 v1.15 key=value parser (DPC)
\KV@toks@=\toks16
)
(/usr/share/texlive/texmf-dist/tex/latex/graphics/graphics.sty
Package: graphics 2021/03/04 v1.4d Standard LaTeX Graphics (DPC,SPQR)

(/usr/share/texlive/texmf-dist/tex/latex/graphics/trig.sty
Package: trig 2021/08/11 v1.11 sin cos tan (DPC)
)
(/usr/share/texlive/texmf-dist/tex/latex/graphics-cfg/graphics.cfg
File: graphics.cfg 2016/06/04 v1.11 sample graphics configuration
)
Package graphics Info: Driver file: pdftex.def on input line 107.

(/usr/share/texlive/texmf-dist/tex/latex/graphics-def/pdftex.def
File: pdftex.def 2020/10/05 v1.2a Graphics/color driver for pdftex
))
\Gin@req@height=\dimen139
\Gin@req@width=\dimen140
)
(/usr/share/texlive/texmf-dist/tex/latex/amsfonts/amssymb.sty
Package: amssymb 2013/01/14 v3.01 AMS font symbols

(/usr/share/texlive/texmf-dist/tex/latex/amsfonts/amsfonts.sty
Package: amsfonts 2013/01/14 v3.01 Basic AMSFonts support
\@emptytoks=\toks17
\symAMSa=\mathgroup4
\symAMSb=\mathgroup5
LaTeX Font Info:    Redeclaring math symbol \hbar on input line 98.
LaTeX Font Info:    Overwriting math alphabet `\mathfrak' in version `bold'
(Font)                  U/euf/m/n --> U/euf/b/n on input line 106.
))
(/usr/share/texlive/texmf-dist/tex/latex/amsmath/amsmath.sty
Package: amsmath 2021/10/15 v2.17l AMS math features
\@mathmargin=\skip49

For additional information on amsmath, use the `?' option.
(/usr/share/texlive/texmf-dist/tex/latex/amsmath/amstext.sty
Package: amstext 2021/08/26 v2.01 AMS text

(/usr/share/texlive/texmf-dist/tex/latex/amsmath/amsgen.sty
File: amsgen.sty 1999/11/30 v2.0 generic functions
\@emptytoks=\toks18
\ex@=\dimen141
))
(/usr/share/texlive/texmf-dist/tex/latex/amsmath/amsbsy.sty
Package: amsbsy 1999/11/29 v1.2d Bold Symbols
\pmbraise@=\dimen142
)
(/usr/share/texlive/texmf-dist/tex/latex/amsmath/amsopn.sty
Package: amsopn 2021/08/26 v2.02 operator names
)
\inf@bad=\count193
LaTeX Info: Redefining \frac on input line 234.
\uproot@=\count194
\leftroot@=\count195
LaTeX Info: Redefining \overline on input line 399.
\classnum@=\count196
\DOTSCASE@=\count197
LaTeX Info: Redefining \ldots on input line 496.
LaTeX Info: Redefining \dots on input line 499.
LaTeX Info: Redefining \cdots on input line 620.
\Mathstrutbox@=\box50
\strutbox@=\box51
\big@size=\dimen143
LaTeX Font Info:    Redeclaring font encoding OML on input line 743.
LaTeX Font Info:    Redeclaring font encoding OMS on input line 744.
\macc@depth=\count198
\c@MaxMatrixCols=\count199
\dotsspace@=\muskip16
\c@parentequation=\count266
\dspbrk@lvl=\count267
\tag@help=\toks19
\row@=\count268
\column@=\count269
\maxfields@=\count270
\andhelp@=\toks20
\eqnshift@=\dimen144
\alignsep@=\dimen145
\tagshift@=\dimen146
\tagwidth@=\dimen147
\totwidth@=\dimen148
\lineht@=\dimen149
\@envbody=\toks21
\multlinegap=\skip50
\multlinetaggap=\skip51
\mathdisplay@stack=\toks22
LaTeX Info: Redefining \[ on input line 2938.
LaTeX Info: Redefining \] on input line 2939.
)
(/usr/share/texlive/texmf-dist/tex/latex/extarrows/extarrows.sty
Package: extarrows 2020/03/12 v1.2.0 Some extensible arrows
)
(/usr/share/texlive/texmf-dist/tex/generic/soul/soul.sty
Package: soul 2003/11/17 v2.4 letterspacing/underlining (mf)
\SOUL@word=\toks23
\SOUL@lasttoken=\toks24
\SOUL@cmds=\toks25
\SOUL@buffer=\toks26
\SOUL@token=\toks27
\SOUL@spaceskip=\skip52
\SOUL@ttwidth=\dimen150
\SOUL@uldp=\dimen151
\SOUL@ulht=\dimen152
)
(/usr/share/texlive/texmf-dist/tex/latex/base/fontenc.sty
Package: fontenc 2021/04/29 v2.0v Standard LaTeX package
)
(/usr/share/texlive/texmf-dist/tex/latex/l3backend/l3backend-pdftex.def
File: l3backend-pdftex.def 2022-01-12 L3 backend support: PDF output (pdfTeX)
\l__color_backend_stack_int=\count271
\l__pdf_internal_box=\box52
)
(./THLR.aux)
\openout1 = `THLR.aux'.

LaTeX Font Info:    Checking defaults for OML/cmm/m/it on input line 19.
LaTeX Font Info:    ... okay on input line 19.
LaTeX Font Info:    Checking defaults for OMS/cmsy/m/n on input line 19.
LaTeX Font Info:    ... okay on input line 19.
LaTeX Font Info:    Checking defaults for OT1/cmr/m/n on input line 19.
LaTeX Font Info:    ... okay on input line 19.
LaTeX Font Info:    Checking defaults for T1/cmr/m/n on input line 19.
LaTeX Font Info:    ... okay on input line 19.
LaTeX Font Info:    Checking defaults for TS1/cmr/m/n on input line 19.
LaTeX Font Info:    ... okay on input line 19.
LaTeX Font Info:    Checking defaults for OMX/cmex/m/n on input line 19.
LaTeX Font Info:    ... okay on input line 19.
LaTeX Font Info:    Checking defaults for U/cmr/m/n on input line 19.
LaTeX Font Info:    ... okay on input line 19.
 (/usr/share/texlive/texmf-dist/tex/context/base/mkii/supp-pdf.mkii
[Loading MPS to PDF converter (version 2006.09.02).]
\scratchcounter=\count272
\scratchdimen=\dimen153
\scratchbox=\box53
\nofMPsegments=\count273
\nofMParguments=\count274
\everyMPshowfont=\toks28
\MPscratchCnt=\count275
\MPscratchDim=\dimen154
\MPnumerator=\count276
\makeMPintoPDFobject=\count277
\everyMPtoPDFconversion=\toks29
) (/usr/share/texlive/texmf-dist/tex/latex/epstopdf-pkg/epstopdf-base.sty
Package: epstopdf-base 2020-01-24 v2.11 Base part for package epstopdf

(/usr/share/texlive/texmf-dist/tex/generic/infwarerr/infwarerr.sty
Package: infwarerr 2019/12/03 v1.5 Providing info/warning/error messages (HO)
)
(/usr/share/texlive/texmf-dist/tex/latex/grfext/grfext.sty
Package: grfext 2019/12/03 v1.3 Manage graphics extensions (HO)

(/usr/share/texlive/texmf-dist/tex/generic/kvdefinekeys/kvdefinekeys.sty
Package: kvdefinekeys 2019-12-19 v1.6 Define keys (HO)
))
(/usr/share/texlive/texmf-dist/tex/latex/kvoptions/kvoptions.sty
Package: kvoptions 2020-10-07 v3.14 Key value format for package options (HO)

(/usr/share/texlive/texmf-dist/tex/generic/ltxcmds/ltxcmds.sty
Package: ltxcmds 2020-05-10 v1.25 LaTeX kernel commands for general use (HO)
)
(/usr/share/texlive/texmf-dist/tex/generic/kvsetkeys/kvsetkeys.sty
Package: kvsetkeys 2019/12/15 v1.18 Key value parser (HO)
))
(/usr/share/texlive/texmf-dist/tex/generic/pdftexcmds/pdftexcmds.sty
Package: pdftexcmds 2020-06-27 v0.33 Utility functions of pdfTeX for LuaTeX (HO
)

(/usr/share/texlive/texmf-dist/tex/generic/iftex/iftex.sty
Package: iftex 2020/03/06 v1.0d TeX engine tests
)
Package pdftexcmds Info: \pdf@primitive is available.
Package pdftexcmds Info: \pdf@ifprimitive is available.
Package pdftexcmds Info: \pdfdraftmode found.
)
Package epstopdf-base Info: Redefining graphics rule for `.eps' on input line 4
85.
Package grfext Info: Graphics extension search list:
(grfext)             [.pdf,.png,.jpg,.mps,.jpeg,.jbig2,.jb2,.PDF,.PNG,.JPG,.JPE
G,.JBIG2,.JB2,.eps]
(grfext)             \AppendGraphicsExtensions on input line 504.

(/usr/share/texlive/texmf-dist/tex/latex/latexconfig/epstopdf-sys.cfg
File: epstopdf-sys.cfg 2010/07/13 v1.3 Configuration of (r)epstopdf for TeX Liv
e
))
LaTeX Font Info:    Trying to load font information for U+msa on input line 20.


(/usr/share/texlive/texmf-dist/tex/latex/amsfonts/umsa.fd
File: umsa.fd 2013/01/14 v3.01 AMS symbols A
)
LaTeX Font Info:    Trying to load font information for U+msb on input line 20.


(/usr/share/texlive/texmf-dist/tex/latex/amsfonts/umsb.fd
File: umsb.fd 2013/01/14 v3.01 AMS symbols B
)
<Image1.png, id=1, 923.45pt x 346.29375pt>
File: Image1.png Graphic file (type png)
<use Image1.png>
Package pdftex.def Info: Image1.png  used on input line 23.
(pdftex.def)             Requested size: 277.03712pt x 103.88892pt.
 [1

{/var/lib/texmf/fonts/map/pdftex/updmap/pdftex.map} <./Image1.png>] (./THLR.toc
)
\tf@toc=\write3
\openout3 = `THLR.toc'.

 [2] [3] [4]
[5]
<Image2.png, id=34, 438.63875pt x 242.9075pt>
File: Image2.png Graphic file (type png)
<use Image2.png>
Package pdftex.def Info: Image2.png  used on input line 140.
(pdftex.def)             Requested size: 109.65941pt x 60.72672pt.
 [6 <./Image2.png>]
LaTeX Font Info:    Trying to load font information for U+euf on input line 148
.

(/usr/share/texlive/texmf-dist/tex/latex/amsfonts/ueuf.fd
File: ueuf.fd 2013/01/14 v3.01 Euler Fraktur
)
<Image3.png, id=39, 280.04625pt x 368.37625pt>
File: Image3.png Graphic file (type png)
<use Image3.png>
Package pdftex.def Info: Image3.png  used on input line 156.
(pdftex.def)             Requested size: 84.01451pt x 110.51372pt.
 [7 <./Image3.png>]
[8]
<Image4.png, id=49, 829.0975pt x 368.37625pt>
File: Image4.png Graphic file (type png)
<use Image4.png>
Package pdftex.def Info: Image4.png  used on input line 205.
(pdftex.def)             Requested size: 248.73117pt x 110.51372pt.
<Image5.png, id=50, 829.0975pt x 368.37625pt>
File: Image5.png Graphic file (type png)
<use Image5.png>
Package pdftex.def Info: Image5.png  used on input line 210.
(pdftex.def)             Requested size: 248.73117pt x 110.51372pt.
 [9 <./Image4.png>]
<Image6.png, id=56, 829.0975pt x 249.93375pt>
File: Image6.png Graphic file (type png)
<use Image6.png>
Package pdftex.def Info: Image6.png  used on input line 214.
(pdftex.def)             Requested size: 248.73117pt x 74.9807pt.
<Image7.png, id=57, 841.1425pt x 162.6075pt>
File: Image7.png Graphic file (type png)
<use Image7.png>
Package pdftex.def Info: Image7.png  used on input line 218.
(pdftex.def)             Requested size: 252.3447pt x 48.78262pt.
<Image8.png, id=58, 756.8275pt x 381.425pt>
File: Image8.png Graphic file (type png)
<use Image8.png>
Package pdftex.def Info: Image8.png  used on input line 222.
(pdftex.def)             Requested size: 189.2064pt x 95.356pt.
 [10 <./Image5.png> <./Image6.png> <./Image7.png> <./Image8.png>]
<Image9.png, id=66, 594.22pt x 206.7725pt>
File: Image9.png Graphic file (type png)
<use Image9.png>
Package pdftex.def Info: Image9.png  used on input line 234.
(pdftex.def)             Requested size: 178.26736pt x 62.03223pt.
<Image10.png, id=67, 594.22pt x 206.7725pt>
File: Image10.png Graphic file (type png)
<use Image10.png>
Package pdftex.def Info: Image10.png  used on input line 238.
(pdftex.def)             Requested size: 178.26736pt x 62.03223pt.
<Image11.png, id=68, 594.22pt x 166.6225pt>
File: Image11.png Graphic file (type png)
<use Image11.png>
Package pdftex.def Info: Image11.png  used on input line 252.
(pdftex.def)             Requested size: 178.26736pt x 49.98712pt.
 [11 <./Image9.png> <./Image10.png> <./Image11.png>]
<Image12.png, id=77, 451.6875pt x 369.38pt>
File: Image12.png Graphic file (type png)
<use Image12.png>
Package pdftex.def Info: Image12.png  used on input line 283.
(pdftex.def)             Requested size: 112.92159pt x 92.34477pt.
<Image13.png, id=78, 453.695pt x 130.4875pt>
File: Image13.png Graphic file (type png)
<use Image13.png>
Package pdftex.def Info: Image13.png  used on input line 288.
(pdftex.def)             Requested size: 113.42346pt x 32.62178pt.
 [12 <./Image12.png>]
<Image14.png, id=83, 840.13875pt x 385.44pt>
File: Image14.png Graphic file (type png)
<use Image14.png>
Package pdftex.def Info: Image14.png  used on input line 306.
(pdftex.def)             Requested size: 252.04356pt x 115.63289pt.
 [13 <./Image13.png> <./Image14.png>] [14]
<Image15.png, id=96, 468.75125pt x 237.88875pt>
File: Image15.png Graphic file (type png)
<use Image15.png>
Package pdftex.def Info: Image15.png  used on input line 344.
(pdftex.def)             Requested size: 117.18752pt x 59.47203pt.
<Image16.png, id=97, 544.0325pt x 122.4575pt>
File: Image16.png Graphic file (type png)
<use Image16.png>
Package pdftex.def Info: Image16.png  used on input line 349.
(pdftex.def)             Requested size: 136.00778pt x 30.61429pt.
 [15 <./Image15.png> <./Image16.png>]
<Image17.png, id=103, 469.755pt x 96.36pt>
File: Image17.png Graphic file (type png)
<use Image17.png>
Package pdftex.def Info: Image17.png  used on input line 367.
(pdftex.def)             Requested size: 234.87692pt x 48.17987pt.
 [16 <./Image17.png>] [17] (./THLR.aux) ) 
Here is how much of TeX's memory you used:
 3724 strings out of 478287
 56136 string characters out of 5849289
 343318 words of memory out of 5000000
 21839 multiletter control sequences out of 15000+600000
 487277 words of font info for 79 fonts, out of 8000000 for 9000
 1141 hyphenation exceptions out of 8191
 60i,12n,67p,518b,298s stack positions out of 5000i,500n,10000p,200000b,80000s
{/usr/share/texmf/fonts/enc/dvips/cm-s
uper/cm-super-t1.enc}{/usr/share/texmf/fonts/enc/dvips/cm-super/cm-super-ts1.en
c}</usr/share/texlive/texmf-dist/fonts/type1/public/amsfonts/cm/cmbx10.pfb></us
r/share/texlive/texmf-dist/fonts/type1/public/amsfonts/cm/cmmi10.pfb></usr/shar
e/texlive/texmf-dist/fonts/type1/public/amsfonts/cm/cmmi12.pfb></usr/share/texl
ive/texmf-dist/fonts/type1/public/amsfonts/cm/cmmi7.pfb></usr/share/texlive/tex
mf-dist/fonts/type1/public/amsfonts/cm/cmr10.pfb></usr/share/texlive/texmf-dist
/fonts/type1/public/amsfonts/cm/cmr5.pfb></usr/share/texlive/texmf-dist/fonts/t
ype1/public/amsfonts/cm/cmr7.pfb></usr/share/texlive/texmf-dist/fonts/type1/pub
lic/amsfonts/cm/cmsy10.pfb></usr/share/texlive/texmf-dist/fonts/type1/public/am
sfonts/cm/cmsy7.pfb></usr/share/texlive/texmf-dist/fonts/type1/public/amsfonts/
euler/eufm10.pfb></usr/share/texlive/texmf-dist/fonts/type1/public/amsfonts/sym
bols/msam10.pfb></usr/share/texmf/fonts/type1/public/cm-super/sfbx1000.pfb></us
r/share/texmf/fonts/type1/public/cm-super/sfbx1200.pfb></usr/share/texmf/fonts/
type1/public/cm-super/sfbx1440.pfb></usr/share/texmf/fonts/type1/public/cm-supe
r/sfrm0700.pfb></usr/share/texmf/fonts/type1/public/cm-super/sfrm1000.pfb></usr
/share/texmf/fonts/type1/public/cm-super/sfrm1200.pfb></usr/share/texmf/fonts/t
ype1/public/cm-super/sfrm1728.pfb></usr/share/texmf/fonts/type1/public/cm-super
/sfti1000.pfb>
Output written on THLR.pdf (17 pages, 782233 bytes).
PDF statistics:
 195 PDF objects out of 1000 (max. 8388607)
 101 compressed objects within 2 object streams
 0 named destinations out of 1000 (max. 500000)
 86 words of extra memory for PDF output out of 10000 (max. 10000000)

